[INFO] 
[INFO] --- compiler:3.11.0:compile (default-compile) @ cafe-qr-backend ---
[INFO] Nothing to compile - all classes are up to date
[INFO] 
[INFO] --- resources:3.3.1:testResources (default-testResources) @ cafe-qr-backend ---
[INFO] skip non existing resourceDirectory C:\Users\sayoo\OneDrive\Desktop\java rest pos\cafe-qr-backend\src\test\resources
[INFO] 
[INFO] --- compiler:3.11.0:testCompile (default-testCompile) @ cafe-qr-backend ---
[INFO] No sources to compile
[INFO] 
[INFO] <<< spring-boot:3.2.3:run (default-cli) < test-compile @ cafe-qr-backend <<<
[INFO] 
[INFO] 
[INFO] --- spring-boot:3.2.3:run (default-cli) @ cafe-qr-backend ---
[INFO] Attaching agents: []
Error: Could not find or load main class com.restaurant.pos.CafeQrBackendApplication
Caused by: java.lang.ClassNotFoundException: com.restaurant.pos.CafeQrBackendApplication
[INFO] ------------------------------------------------------------------------
[INFO] BUILD FAILURE
[INFO] ------------------------------------------------------------------------
[INFO] Total time:  13.123 s
[INFO] Finished at: 2026-03-17T17:14:43+05:30
[INFO] ------------------------------------------------------------------------
[ERROR] Failed to execute goal org.springframework.boot:spring-boot-maven-plugin:3.2.3:run (default-cli) on project cafe-qr-backend: Process terminated with exit code: 1 -> [Help 1]
[ERROR] 
[ERROR] To see the full stack trace of the errors, re-run Maven with the -e switch.
[ERROR] Re-run Maven using the -X switch to enable full debug logging.
[ERROR] 
[ERROR] For more information about the errors and possible solutions, please read the following articles:
[ERROR] [Help 1] http://cwiki.apache.org/confluence/display/MAVEN/MojoExecutionException
