2026-03-17T16:59:36.087+05:30 TRACE 9328 --- [cafe-qr-backend] [           main] org.hibernate.orm.jdbc.bind              : binding parameter (1:UUID) <- [5a7924e3-680f-4f00-a342-9c481234662d]
Hibernate: select re1_0.id,re1_0.client_id,re1_0.created_at,re1_0.created_by,re1_0.description,re1_0.isactive,m1_0.role_id,m1_1.id,m1_1.created_at,m1_1.description,m1_1.isactive,m1_1.name,m1_1.parent_id,m1_1.updated_at,m1_1.url,re1_0.name,re1_0.org_id,p1_0.role_id,p1_1.id,p1_1.created_at,p1_1.description,p1_1.name,p1_1.updated_at,re1_0.updated_at from roles re1_0 left join role_menus m1_0 on re1_0.id=m1_0.role_id left join menus m1_1 on m1_1.id=m1_0.menu_id left join role_permissions p1_0 on re1_0.id=p1_0.role_id left join permissions p1_1 on p1_1.id=p1_0.permission_id where re1_0.id=?
2026-03-17T16:59:36.100+05:30 TRACE 9328 --- [cafe-qr-backend] [           main] org.hibernate.orm.jdbc.bind              : binding parameter (1:UUID) <- [d38efd70-6f3b-4687-a3a8-20e47a10c175]
Hibernate: update roles set description=?,isactive=?,name=?,updated_at=? where id=?
2026-03-17T16:59:36.115+05:30 TRACE 9328 --- [cafe-qr-backend] [           main] org.hibernate.orm.jdbc.bind              : binding parameter (1:VARCHAR) <- [Standard Staff Account]
2026-03-17T16:59:36.115+05:30 TRACE 9328 --- [cafe-qr-backend] [           main] org.hibernate.orm.jdbc.bind              : binding parameter (2:VARCHAR) <- [Y]
2026-03-17T16:59:36.115+05:30 TRACE 9328 --- [cafe-qr-backend] [           main] org.hibernate.orm.jdbc.bind              : binding parameter (3:VARCHAR) <- [STAFF]
2026-03-17T16:59:36.115+05:30 TRACE 9328 --- [cafe-qr-backend] [           main] org.hibernate.orm.jdbc.bind              : binding parameter (4:TIMESTAMP) <- [2026-03-17T16:59:36.114411800]
2026-03-17T16:59:36.115+05:30 TRACE 9328 --- [cafe-qr-backend] [           main] org.hibernate.orm.jdbc.bind              : binding parameter (5:UUID) <- [45ab9aaa-c06d-47ca-92a6-9af312d982f5]
Hibernate: delete from role_menus where role_id=?
2026-03-17T16:59:36.116+05:30 TRACE 9328 --- [cafe-qr-backend] [           main] org.hibernate.orm.jdbc.bind              : binding parameter (1:UUID) <- [45ab9aaa-c06d-47ca-92a6-9af312d982f5]
Hibernate: insert into role_menus (role_id,menu_id) values (?,?)
2026-03-17T16:59:36.119+05:30 TRACE 9328 --- [cafe-qr-backend] [           main] org.hibernate.orm.jdbc.bind              : binding parameter (1:UUID) <- [45ab9aaa-c06d-47ca-92a6-9af312d982f5]
2026-03-17T16:59:36.120+05:30 TRACE 9328 --- [cafe-qr-backend] [           main] org.hibernate.orm.jdbc.bind              : binding parameter (2:UUID) <- [4d00ba93-5539-46e8-94ba-cc05e364d701]
Hibernate: select re1_0.id,re1_0.client_id,re1_0.created_at,re1_0.created_by,re1_0.description,re1_0.isactive,re1_0.name,re1_0.org_id,re1_0.updated_at from roles re1_0 where re1_0.name=? and re1_0.client_id is null
2026-03-17T16:59:36.120+05:30 TRACE 9328 --- [cafe-qr-backend] [           main] org.hibernate.orm.jdbc.bind              : binding parameter (1:VARCHAR) <- [ADMIN]
Hibernate: select c1_0.id,c1_0.account_number,c1_0.address,c1_0.bank_name,c1_0.brand_color,c1_0.country,c1_0.created_at,c1_0.created_by,c1_0.currency,c1_0.email,c1_0.facebook_url,c1_0.fssai_number,c1_0.google_maps_url,c1_0.gst_number,c1_0.ifsc_code,c1_0.instagram_url,c1_0.isactive,c1_0.legal_name,c1_0.logo_url,c1_0.name,c1_0.owner_name,c1_0.pan_number,c1_0.phone,c1_0.pin_code,c1_0.pos_type,c1_0.primary_language,c1_0.stripe_customer_id,c1_0.subscription_expiry_date,c1_0.subscription_status,c1_0.timezone,c1_0.updated_at,c1_0.website,c1_0.whatsapp_number from clients c1_0
Hibernate: select o1_0.id,o1_0.address,o1_0.client_id,o1_0.created_at,o1_0.created_by,o1_0.delivery_radius_km,o1_0.email,o1_0.google_maps_url,o1_0.gstin,o1_0.isactive,o1_0.latitude,o1_0.logo_url,o1_0.longitude,o1_0.name,o1_0.org_code,o1_0.phone,o1_0.pin_code,o1_0.updated_at from organizations o1_0 where o1_0.client_id=?
2026-03-17T16:59:36.148+05:30 TRACE 9328 --- [cafe-qr-backend] [           main] org.hibernate.orm.jdbc.bind              : binding parameter (1:UUID) <- [9f0f6c1d-dfc8-47b6-a351-aec8300b025e]
Hibernate: select o1_0.id,o1_0.address,o1_0.client_id,o1_0.created_at,o1_0.created_by,o1_0.delivery_radius_km,o1_0.email,o1_0.google_maps_url,o1_0.gstin,o1_0.isactive,o1_0.latitude,o1_0.logo_url,o1_0.longitude,o1_0.name,o1_0.org_code,o1_0.phone,o1_0.pin_code,o1_0.updated_at from organizations o1_0 where o1_0.client_id=?
2026-03-17T16:59:36.162+05:30 TRACE 9328 --- [cafe-qr-backend] [           main] org.hibernate.orm.jdbc.bind              : binding parameter (1:UUID) <- [742292d9-bfa8-4861-89a6-cafe45e7370b]
Hibernate: select o1_0.id,o1_0.address,o1_0.client_id,o1_0.created_at,o1_0.created_by,o1_0.delivery_radius_km,o1_0.email,o1_0.google_maps_url,o1_0.gstin,o1_0.isactive,o1_0.latitude,o1_0.logo_url,o1_0.longitude,o1_0.name,o1_0.org_code,o1_0.phone,o1_0.pin_code,o1_0.updated_at from organizations o1_0 where o1_0.client_id=?
2026-03-17T16:59:36.171+05:30 TRACE 9328 --- [cafe-qr-backend] [           main] org.hibernate.orm.jdbc.bind              : binding parameter (1:UUID) <- [891f341a-0fb9-4c05-8d8e-ab6d6a61ce69]
Hibernate: select o1_0.id,o1_0.address,o1_0.client_id,o1_0.created_at,o1_0.created_by,o1_0.delivery_radius_km,o1_0.email,o1_0.google_maps_url,o1_0.gstin,o1_0.isactive,o1_0.latitude,o1_0.logo_url,o1_0.longitude,o1_0.name,o1_0.org_code,o1_0.phone,o1_0.pin_code,o1_0.updated_at from organizations o1_0 where o1_0.client_id=?
2026-03-17T16:59:36.176+05:30 TRACE 9328 --- [cafe-qr-backend] [           main] org.hibernate.orm.jdbc.bind              : binding parameter (1:UUID) <- [6d637a80-2c18-467c-9d3a-fb3fad78e4bc]
Hibernate: select o1_0.id,o1_0.address,o1_0.client_id,o1_0.created_at,o1_0.created_by,o1_0.delivery_radius_km,o1_0.email,o1_0.google_maps_url,o1_0.gstin,o1_0.isactive,o1_0.latitude,o1_0.logo_url,o1_0.longitude,o1_0.name,o1_0.org_code,o1_0.phone,o1_0.pin_code,o1_0.updated_at from organizations o1_0 where o1_0.client_id=?
2026-03-17T16:59:36.185+05:30 TRACE 9328 --- [cafe-qr-backend] [           main] org.hibernate.orm.jdbc.bind              : binding parameter (1:UUID) <- [48278854-f080-4681-b6e7-54cebd11b7f7]
Hibernate: select o1_0.id,o1_0.address,o1_0.client_id,o1_0.created_at,o1_0.created_by,o1_0.delivery_radius_km,o1_0.email,o1_0.google_maps_url,o1_0.gstin,o1_0.isactive,o1_0.latitude,o1_0.logo_url,o1_0.longitude,o1_0.name,o1_0.org_code,o1_0.phone,o1_0.pin_code,o1_0.updated_at from organizations o1_0 where o1_0.client_id=?
2026-03-17T16:59:36.190+05:30 TRACE 9328 --- [cafe-qr-backend] [           main] org.hibernate.orm.jdbc.bind              : binding parameter (1:UUID) <- [07b9476b-ec59-437b-93f5-cea9134d14c3]
2026-03-17T16:59:36.194+05:30  INFO 9328 --- [cafe-qr-backend] [           main] c.r.pos.common.config.DataInitializer    : Data Initialization complete.
