[INFO] Scanning for projects...
[INFO] 
[INFO] -----------------< com.restaurant.pos:cafe-qr-backend >-----------------
[INFO] Building cafe-qr-backend 0.0.1-SNAPSHOT
[INFO]   from pom.xml
[INFO] --------------------------------[ jar ]---------------------------------
[INFO] 
[INFO] --- clean:3.3.2:clean (default-clean) @ cafe-qr-backend ---
[INFO] Deleting C:\Users\sayoo\OneDrive\Desktop\java rest pos\cafe-qr-backend\target
[INFO] ------------------------------------------------------------------------
[INFO] BUILD FAILURE
[INFO] ------------------------------------------------------------------------
[INFO] Total time:  12.489 s
[INFO] Finished at: 2026-03-17T05:53:56+05:30
[INFO] ------------------------------------------------------------------------
[ERROR] Failed to execute goal org.apache.maven.plugins:maven-clean-plugin:3.3.2:clean (default-clean) on project cafe-qr-backend: Failed to clean project: Failed to delete C:\Users\sayoo\OneDrive\Desktop\java rest pos\cafe-qr-backend\target -> [Help 1]
[ERROR] 
[ERROR] To see the full stack trace of the errors, re-run Maven with the -e switch.
[ERROR] Re-run Maven using the -X switch to enable full debug logging.
[ERROR] 
[ERROR] For more information about the errors and possible solutions, please read the following articles:
[ERROR] [Help 1] http://cwiki.apache.org/confluence/display/MAVEN/MojoExecutionException
